<?xml version="1.0" encoding="UTF-8"?>
<coverage generated="1751266112123" clover="3.2.0">
  <project timestamp="1751266112124" name="All files">
    <metrics statements="32" coveredstatements="32" conditionals="16" coveredconditionals="16" methods="10" coveredmethods="10" elements="58" coveredelements="58" complexity="0" loc="32" ncloc="32" packages="2" files="2" classes="2"/>
    <package name="app">
      <metrics statements="8" coveredstatements="8" conditionals="2" coveredconditionals="2" methods="3" coveredmethods="3"/>
      <file name="Utils.ts" path="/home/avijit-pc/Desktop/jest-demo/src/app/Utils.ts">
        <metrics statements="8" coveredstatements="8" conditionals="2" coveredconditionals="2" methods="3" coveredmethods="3"/>
        <line num="1" count="1" type="stmt"/>
        <line num="3" count="4" type="cond" truecount="2" falsecount="0"/>
        <line num="4" count="3" type="stmt"/>
        <line num="6" count="1" type="stmt"/>
        <line num="10" count="1" type="stmt"/>
        <line num="11" count="4" type="stmt"/>
        <line num="22" count="1" type="stmt"/>
        <line num="23" count="6" type="stmt"/>
      </file>
    </package>
    <package name="app.pass_checker">
      <metrics statements="24" coveredstatements="24" conditionals="14" coveredconditionals="14" methods="7" coveredmethods="7"/>
      <file name="PasswordChecker.ts" path="/home/avijit-pc/Desktop/jest-demo/src/app/pass_checker/PasswordChecker.ts">
        <metrics statements="24" coveredstatements="24" conditionals="14" coveredconditionals="14" methods="7" coveredmethods="7"/>
        <line num="1" count="1" type="cond" truecount="2" falsecount="0"/>
        <line num="2" count="1" type="stmt"/>
        <line num="3" count="1" type="stmt"/>
        <line num="4" count="1" type="stmt"/>
        <line num="5" count="1" type="stmt"/>
        <line num="13" count="1" type="stmt"/>
        <line num="15" count="9" type="stmt"/>
        <line num="17" count="9" type="stmt"/>
        <line num="18" count="9" type="stmt"/>
        <line num="19" count="9" type="stmt"/>
        <line num="21" count="9" type="stmt"/>
        <line num="28" count="2" type="stmt"/>
        <line num="29" count="2" type="stmt"/>
        <line num="30" count="2" type="stmt"/>
        <line num="32" count="2" type="stmt"/>
        <line num="39" count="2" type="stmt"/>
        <line num="40" count="2" type="cond" truecount="2" falsecount="0"/>
        <line num="41" count="1" type="stmt"/>
        <line num="46" count="9" type="cond" truecount="2" falsecount="0"/>
        <line num="47" count="1" type="stmt"/>
        <line num="52" count="9" type="cond" truecount="2" falsecount="0"/>
        <line num="53" count="2" type="stmt"/>
        <line num="58" count="9" type="cond" truecount="2" falsecount="0"/>
        <line num="59" count="2" type="stmt"/>
      </file>
    </package>
  </project>
</coverage>
