TN:
SF:src/app/Utils.ts
FN:2,(anonymous_0)
FN:10,toUpperCase
FN:22,getStringInfo
FNF:3
FNH:3
FNDA:4,(anonymous_0)
FNDA:4,toUpperCase
FNDA:6,getStringInfo
DA:1,1
DA:3,4
DA:4,3
DA:6,1
DA:10,1
DA:11,4
DA:22,1
DA:23,6
LF:8
LH:8
BRDA:3,0,0,3
BRDA:3,0,1,1
BRF:2
BRH:2
end_of_record
TN:
SF:src/app/doubles/otherUtils.ts
FN:11,calculateComplexity
FN:17,toUpperCase
FN:21,toLowerCaseWithId
FN:25,toUpperCaseWithCallback
FN:39,(anonymous_4)
FN:42,(anonymous_5)
FN:46,(anonymous_6)
FNF:7
FNH:4
FNDA:0,calculateComplexity
FNDA:1,toUpperCase
FNDA:1,toLowerCaseWithId
FNDA:0,toUpperCaseWithCallback
FNDA:0,(anonymous_4)
FNDA:1,(anonymous_5)
FNDA:1,(anonymous_6)
DA:1,2
DA:11,2
DA:12,0
DA:17,2
DA:18,1
DA:21,2
DA:22,1
DA:25,2
DA:29,0
DA:30,0
DA:31,0
DA:33,0
DA:35,0
DA:38,2
DA:40,0
DA:43,1
DA:47,1
LF:17
LH:10
BRDA:29,0,0,0
BRDA:29,0,1,0
BRF:2
BRH:0
end_of_record
TN:
SF:src/app/pass_checker/PasswordChecker.ts
FN:1,(anonymous_0)
FN:14,(anonymous_1)
FN:27,(anonymous_2)
FN:37,(anonymous_3)
FN:44,(anonymous_4)
FN:50,(anonymous_5)
FN:56,(anonymous_6)
FNF:7
FNH:7
FNDA:1,(anonymous_0)
FNDA:9,(anonymous_1)
FNDA:2,(anonymous_2)
FNDA:2,(anonymous_3)
FNDA:9,(anonymous_4)
FNDA:9,(anonymous_5)
FNDA:9,(anonymous_6)
DA:1,1
DA:2,1
DA:3,1
DA:4,1
DA:5,1
DA:13,1
DA:15,9
DA:17,9
DA:18,9
DA:19,9
DA:21,9
DA:28,2
DA:29,2
DA:31,2
DA:38,2
DA:39,2
DA:40,1
DA:45,9
DA:46,1
DA:51,9
DA:52,2
DA:57,9
DA:58,2
LF:23
LH:23
BRDA:1,0,0,1
BRDA:1,0,1,1
BRDA:22,1,0,3
BRDA:22,1,1,6
BRDA:32,2,0,1
BRDA:32,2,1,1
BRDA:39,3,0,1
BRDA:39,3,1,1
BRDA:45,4,0,1
BRDA:45,4,1,8
BRDA:51,5,0,2
BRDA:51,5,1,7
BRDA:57,6,0,2
BRDA:57,6,1,7
BRF:14
BRH:14
end_of_record
