TN:
SF:src/app/Utils.ts
FN:2,(anonymous_0)
FN:10,toUpperCase
FN:22,getStringInfo
FNF:3
FNH:3
FNDA:4,(anonymous_0)
FNDA:4,toUpperCase
FNDA:6,getStringInfo
DA:1,1
DA:3,4
DA:4,3
DA:6,1
DA:10,1
DA:11,4
DA:22,1
DA:23,6
LF:8
LH:8
BRDA:3,0,0,3
BRDA:3,0,1,1
BRF:2
BRH:2
end_of_record
TN:
SF:src/app/pass_checker/PasswordChecker.ts
FN:1,(anonymous_0)
FN:14,(anonymous_1)
FN:27,(anonymous_2)
FN:38,(anonymous_3)
FN:45,(anonymous_4)
FN:51,(anonymous_5)
FN:57,(anonymous_6)
FNF:7
FNH:7
FNDA:1,(anonymous_0)
FNDA:9,(anonymous_1)
FNDA:2,(anonymous_2)
FNDA:2,(anonymous_3)
FNDA:9,(anonymous_4)
FNDA:9,(anonymous_5)
FNDA:9,(anonymous_6)
DA:1,1
DA:2,1
DA:3,1
DA:4,1
DA:5,1
DA:13,1
DA:15,9
DA:17,9
DA:18,9
DA:19,9
DA:21,9
DA:28,2
DA:29,2
DA:30,2
DA:32,2
DA:39,2
DA:40,2
DA:41,1
DA:46,9
DA:47,1
DA:52,9
DA:53,2
DA:58,9
DA:59,2
LF:24
LH:24
BRDA:1,0,0,1
BRDA:1,0,1,1
BRDA:22,1,0,3
BRDA:22,1,1,6
BRDA:33,2,0,1
BRDA:33,2,1,1
BRDA:40,3,0,1
BRDA:40,3,1,1
BRDA:46,4,0,1
BRDA:46,4,1,8
BRDA:52,5,0,2
BRDA:52,5,1,7
BRDA:58,6,0,2
BRDA:58,6,1,7
BRF:14
BRH:14
end_of_record
